<?xml version="1.0" encoding="UTF-8"?>
<testng-results ignored="2" total="3" passed="1" failed="0" skipped="0">
  <reporter-output>
  </reporter-output>
  <suite started-at="2024-05-16T18:07:58 IST" name="Default suite" finished-at="2024-05-16T18:08:07 IST" duration-ms="8280">
    <groups>
    </groups>
    <test started-at="2024-05-16T18:07:58 IST" name="Default test" finished-at="2024-05-16T18:08:07 IST" duration-ms="8280">
      <class name="com.sevenmartsupermarket.tests.AdminUsersTest">
        <test-method is-config="true" signature="launchBrowser()[pri:0, instance:com.sevenmartsupermarket.tests.AdminUsersTest@31190526]" started-at="2024-05-16T18:07:58 IST" name="launchBrowser" finished-at="2024-05-16T18:08:01 IST" duration-ms="2227" status="PASS">
          <reporter-output>
          </reporter-output>
        </test-method> <!-- launchBrowser -->
        <test-method signature="verifynewUserName()[pri:0, instance:com.sevenmartsupermarket.tests.AdminUsersTest@31190526]" started-at="2024-05-16T18:08:01 IST" name="verifynewUserName" finished-at="2024-05-16T18:08:07 IST" duration-ms="6001" status="PASS">
          <reporter-output>
          </reporter-output>
        </test-method> <!-- verifynewUserName -->
      </class> <!-- com.sevenmartsupermarket.tests.AdminUsersTest -->
    </test> <!-- Default test -->
  </suite> <!-- Default suite -->
</testng-results>
