<?xml version="1.0" encoding="UTF-8"?>
<testng-results ignored="0" total="1" passed="1" failed="0" skipped="0">
  <reporter-output>
  </reporter-output>
  <suite started-at="2024-05-20T13:45:40 IST" name="Default suite" finished-at="2024-05-20T13:45:56 IST" duration-ms="15350">
    <groups>
    </groups>
    <test started-at="2024-05-20T13:45:40 IST" name="Default test" finished-at="2024-05-20T13:45:56 IST" duration-ms="15350">
      <class name="com.sevenmartsupermarket.tests.ManageLocationTest">
        <test-method is-config="true" signature="launchBrowser()[pri:0, instance:com.sevenmartsupermarket.tests.ManageLocationTest@229f66ed]" started-at="2024-05-20T13:45:41 IST" name="launchBrowser" finished-at="2024-05-20T13:45:48 IST" duration-ms="7258" status="PASS">
          <reporter-output>
          </reporter-output>
        </test-method> <!-- launchBrowser -->
        <test-method signature="createNewLocation()[pri:0, instance:com.sevenmartsupermarket.tests.ManageLocationTest@229f66ed]" started-at="2024-05-20T13:45:48 IST" name="createNewLocation" finished-at="2024-05-20T13:45:56 IST" duration-ms="7984" status="PASS">
          <reporter-output>
          </reporter-output>
        </test-method> <!-- createNewLocation -->
      </class> <!-- com.sevenmartsupermarket.tests.ManageLocationTest -->
    </test> <!-- Default test -->
  </suite> <!-- Default suite -->
</testng-results>
