<?xml version="1.0" encoding="UTF-8"?>
<!-- Generated by org.testng.reporters.JUnitXMLReporter -->
<testsuite ignored="2" hostname="AMMU21515" failures="0" tests="1" name="Default test" time="8.28" errors="0" timestamp="2024-05-16T18:08:07 IST">
  <testcase classname="com.sevenmartsupermarket.tests.AdminUsersTest" name="verifynewUserName" time="6.001"/>
  <testcase classname="com.sevenmartsupermarket.tests.AdminUsersTest" name="selectadminUsers" time="0.0">
    <ignored/>
  </testcase> <!-- selectadminUsers -->
  <testcase classname="com.sevenmartsupermarket.tests.AdminUsersTest" name="existingAdminUsers" time="0.0">
    <ignored/>
  </testcase> <!-- existingAdminUsers -->
</testsuite> <!-- Default test -->
